<?xml version="1.0" encoding="UTF-8"?>
<!-- Generated by org.testng.reporters.JUnitXMLReporter -->
<testsuite ignored="0" hostname="LAPTOP-27VERJ63" failures="0" tests="2" name="BankingApp Test" time="51.588" errors="0" timestamp="22 May 2022 09:00:53 GMT">
  <testcase classname="com.inetBanking.testCases.TC_LoginTest_001" name="loginTest" time="6.734"/>
  <testcase classname="com.inetBanking.testCases.TC_AddCustomerTest_003" name="addNewCustomer" time="25.429"/>
</testsuite> <!-- BankingApp Test -->
