<?xml version="1.0" encoding="UTF-8"?>
<testng-results ignored="0" total="2" passed="2" failed="0" skipped="0">
  <reporter-output>
  </reporter-output>
  <suite started-at="2022-05-22T09:00:01Z" name="inetBankingV1" finished-at="2022-05-22T09:00:53Z" duration-ms="51588">
    <groups>
    </groups>
    <test started-at="2022-05-22T09:00:01Z" name="BankingApp Test" finished-at="2022-05-22T09:00:53Z" duration-ms="51588">
      <class name="com.inetBanking.testCases.TC_AddCustomerTest_003">
        <test-method is-config="true" signature="setup(java.lang.String)[pri:0, instance:com.inetBanking.testCases.TC_AddCustomerTest_003@7ba18f1b]" started-at="2022-05-22T09:00:20Z" name="setup" finished-at="2022-05-22T09:00:27Z" duration-ms="7369" status="PASS">
          <params>
            <param index="0">
              <value>
                <![CDATA[chrome]]>
              </value>
            </param>
          </params>
          <reporter-output>
          </reporter-output>
        </test-method> <!-- setup -->
        <test-method signature="addNewCustomer()[pri:0, instance:com.inetBanking.testCases.TC_AddCustomerTest_003@7ba18f1b]" started-at="2022-05-22T09:00:27Z" name="addNewCustomer" finished-at="2022-05-22T09:00:53Z" duration-ms="25429" status="PASS">
          <reporter-output>
          </reporter-output>
        </test-method> <!-- addNewCustomer -->
        <test-method is-config="true" signature="tearDown()[pri:0, instance:com.inetBanking.testCases.TC_AddCustomerTest_003@7ba18f1b]" started-at="2022-05-22T09:00:53Z" name="tearDown" finished-at="2022-05-22T09:00:53Z" duration-ms="0" status="PASS">
          <reporter-output>
          </reporter-output>
        </test-method> <!-- tearDown -->
      </class> <!-- com.inetBanking.testCases.TC_AddCustomerTest_003 -->
      <class name="com.inetBanking.testCases.TC_LoginTest_001">
        <test-method is-config="true" signature="setup(java.lang.String)[pri:0, instance:com.inetBanking.testCases.TC_LoginTest_001@4bb4de6a]" started-at="2022-05-22T09:00:01Z" name="setup" finished-at="2022-05-22T09:00:13Z" duration-ms="11815" status="PASS">
          <params>
            <param index="0">
              <value>
                <![CDATA[chrome]]>
              </value>
            </param>
          </params>
          <reporter-output>
          </reporter-output>
        </test-method> <!-- setup -->
        <test-method signature="loginTest()[pri:0, instance:com.inetBanking.testCases.TC_LoginTest_001@4bb4de6a]" started-at="2022-05-22T09:00:13Z" name="loginTest" finished-at="2022-05-22T09:00:20Z" duration-ms="6734" status="PASS">
          <reporter-output>
          </reporter-output>
        </test-method> <!-- loginTest -->
        <test-method is-config="true" signature="tearDown()[pri:0, instance:com.inetBanking.testCases.TC_LoginTest_001@4bb4de6a]" started-at="2022-05-22T09:00:20Z" name="tearDown" finished-at="2022-05-22T09:00:20Z" duration-ms="0" status="PASS">
          <reporter-output>
          </reporter-output>
        </test-method> <!-- tearDown -->
      </class> <!-- com.inetBanking.testCases.TC_LoginTest_001 -->
    </test> <!-- BankingApp Test -->
  </suite> <!-- inetBankingV1 -->
</testng-results>
